0 info it worked if it ends with ok
1 verbose cli [ '/usr/local/bin/node', '/usr/local/bin/npm', 'run', 'flow' ]
2 info using npm@3.10.9
3 info using node@v6.9.2
4 verbose run-script [ 'preflow', 'flow', 'postflow' ]
5 info lifecycle projection-demo@0.1.0~preflow: projection-demo@0.1.0
6 silly lifecycle projection-demo@0.1.0~preflow: no script for preflow, continuing
7 info lifecycle projection-demo@0.1.0~flow: projection-demo@0.1.0
8 verbose lifecycle projection-demo@0.1.0~flow: unsafe-perm in lifecycle true
9 verbose lifecycle projection-demo@0.1.0~flow: PATH: /usr/local/lib/node_modules/npm/bin/node-gyp-bin:/Users/colleen/code/react-sandbox/create-react-app/projection-demo/node_modules/.bin:/usr/local/bin:/usr/bin:/bin:/usr/sbin:/sbin:/Users/colleen/.emacs.d:/Users/colleen/.emacs.d:/Users/colleen/.emacs.d:/Users/colleen/.emacs.d
10 verbose lifecycle projection-demo@0.1.0~flow: CWD: /Users/colleen/code/react-sandbox/create-react-app/projection-demo
11 silly lifecycle projection-demo@0.1.0~flow: Args: [ '-c', 'flow' ]
12 silly lifecycle projection-demo@0.1.0~flow: Returned: code: 12  signal: null
13 info lifecycle projection-demo@0.1.0~flow: Failed to exec flow script
14 verbose stack Error: projection-demo@0.1.0 flow: `flow`
14 verbose stack Exit status 12
14 verbose stack     at EventEmitter.<anonymous> (/usr/local/lib/node_modules/npm/lib/utils/lifecycle.js:255:16)
14 verbose stack     at emitTwo (events.js:106:13)
14 verbose stack     at EventEmitter.emit (events.js:191:7)
14 verbose stack     at ChildProcess.<anonymous> (/usr/local/lib/node_modules/npm/lib/utils/spawn.js:40:14)
14 verbose stack     at emitTwo (events.js:106:13)
14 verbose stack     at ChildProcess.emit (events.js:191:7)
14 verbose stack     at maybeClose (internal/child_process.js:877:16)
14 verbose stack     at Process.ChildProcess._handle.onexit (internal/child_process.js:226:5)
15 verbose pkgid projection-demo@0.1.0
16 verbose cwd /Users/colleen/code/react-sandbox/create-react-app/projection-demo
17 error Darwin 15.6.0
18 error argv "/usr/local/bin/node" "/usr/local/bin/npm" "run" "flow"
19 error node v6.9.2
20 error npm  v3.10.9
21 error code ELIFECYCLE
22 error projection-demo@0.1.0 flow: `flow`
22 error Exit status 12
23 error Failed at the projection-demo@0.1.0 flow script 'flow'.
23 error Make sure you have the latest version of node.js and npm installed.
23 error If you do, this is most likely a problem with the projection-demo package,
23 error not with npm itself.
23 error Tell the author that this fails on your system:
23 error     flow
23 error You can get information on how to open an issue for this project with:
23 error     npm bugs projection-demo
23 error Or if that isn't available, you can get their info via:
23 error     npm owner ls projection-demo
23 error There is likely additional logging output above.
24 verbose exit [ 1, true ]
